#! /usr/bin/vvp
:ivl_version "11.0 (stable)";
:ivl_delay_selection "TYPICAL";
:vpi_time_precision - 11;
:vpi_module "/usr/lib/x86_64-linux-gnu/ivl/system.vpi";
:vpi_module "/usr/lib/x86_64-linux-gnu/ivl/vhdl_sys.vpi";
:vpi_module "/usr/lib/x86_64-linux-gnu/ivl/vhdl_textio.vpi";
:vpi_module "/usr/lib/x86_64-linux-gnu/ivl/v2005_math.vpi";
:vpi_module "/usr/lib/x86_64-linux-gnu/ivl/va_math.vpi";
S_0x55fdc6e17f20 .scope module, "testfixture" "testfixture" 2 184;
 .timescale -9 -11;
P_0x55fdc6e180b0 .param/l "W" 0 2 185, +C4<00000000000000000000000000010000>;
v0x55fdc6e49210_0 .net "A_en", 0 0, v0x55fdc6e193f0_0;  1 drivers
v0x55fdc6e49300_0 .net "A_lt_B", 0 0, L_0x55fdc6e5a270;  1 drivers
v0x55fdc6e49410_0 .net "A_sel", 2 0, v0x55fdc6e190f0_0;  1 drivers
v0x55fdc6e49500_0 .net "B_en", 0 0, v0x55fdc6e20110_0;  1 drivers
v0x55fdc6e495f0_0 .net "B_sel", 0 0, v0x55fdc6e23110_0;  1 drivers
v0x55fdc6e49730_0 .net "B_zero", 0 0, L_0x55fdc6e5a130;  1 drivers
v0x55fdc6e49820_0 .var "clk", 0 0;
v0x55fdc6e49910_0 .net "idle", 0 0, v0x55fdc6e46220_0;  1 drivers
v0x55fdc6e49a00_0 .net "input_available", 0 0, v0x55fdc6e487f0_0;  1 drivers
v0x55fdc6e49aa0_0 .net "operand_A", 15 0, v0x55fdc6e488c0_0;  1 drivers
v0x55fdc6e49b90_0 .net "operand_B", 15 0, v0x55fdc6e489c0_0;  1 drivers
v0x55fdc6e49ca0_0 .var "reset_", 0 0;
v0x55fdc6e49d40_0 .net "result_data", 15 0, L_0x55fdc6e5a5b0;  1 drivers
v0x55fdc6e49e30_0 .net "result_rdy", 0 0, v0x55fdc6e46540_0;  1 drivers
v0x55fdc6e49f20_0 .net "result_taken", 0 0, v0x55fdc6e49140_0;  1 drivers
S_0x55fdc6e18150 .scope module, "C1" "GCD_cntrl" 2 192, 2 2 0, S_0x55fdc6e17f20;
 .timescale -9 -11;
    .port_info 0 /OUTPUT 1 "idle";
    .port_info 1 /OUTPUT 1 "result_rdy";
    .port_info 2 /OUTPUT 1 "A_en";
    .port_info 3 /OUTPUT 1 "B_en";
    .port_info 4 /OUTPUT 1 "B_sel";
    .port_info 5 /INPUT 1 "clk";
    .port_info 6 /INPUT 1 "reset_";
    .port_info 7 /INPUT 1 "input_available";
    .port_info 8 /INPUT 1 "result_taken";
    .port_info 9 /INPUT 1 "B_zero";
    .port_info 10 /INPUT 1 "A_lt_B";
    .port_info 11 /OUTPUT 3 "A_sel";
P_0x55fdc6e1f730 .param/l "A_sel_B" 0 2 8, C4<001>;
P_0x55fdc6e1f770 .param/l "A_sel_In" 0 2 8, C4<000>;
P_0x55fdc6e1f7b0 .param/l "A_sel_NegSub" 0 2 8, C4<011>;
P_0x55fdc6e1f7f0 .param/l "A_sel_Sub" 0 2 8, C4<010>;
P_0x55fdc6e1f830 .param/l "A_sel_X" 0 2 8, C4<xxx>;
P_0x55fdc6e1f870 .param/l "B_sel_A" 0 2 9, C4<1>;
P_0x55fdc6e1f8b0 .param/l "B_sel_In" 0 2 9, C4<0>;
P_0x55fdc6e1f8f0 .param/l "B_sel_X" 0 2 9, C4<x>;
P_0x55fdc6e1f930 .param/l "CALC" 0 2 7, C4<01>;
P_0x55fdc6e1f970 .param/l "DONE" 0 2 7, C4<10>;
P_0x55fdc6e1f9b0 .param/l "W" 0 2 10, +C4<00000000000000000000000000010000>;
P_0x55fdc6e1f9f0 .param/l "WAIT" 0 2 7, C4<00>;
v0x55fdc6e193f0_0 .var "A_en", 0 0;
v0x55fdc6e18f70_0 .net "A_lt_B", 0 0, L_0x55fdc6e5a270;  alias, 1 drivers
v0x55fdc6e190f0_0 .var "A_sel", 2 0;
v0x55fdc6e20110_0 .var "B_en", 0 0;
v0x55fdc6e23110_0 .var "B_sel", 0 0;
v0x55fdc6e25920_0 .net "B_zero", 0 0, L_0x55fdc6e5a130;  alias, 1 drivers
v0x55fdc6e0aa80_0 .net "clk", 0 0, v0x55fdc6e49820_0;  1 drivers
v0x55fdc6e46220_0 .var "idle", 0 0;
v0x55fdc6e462e0_0 .net "input_available", 0 0, v0x55fdc6e487f0_0;  alias, 1 drivers
v0x55fdc6e463a0_0 .var "next_state", 1 0;
v0x55fdc6e46480_0 .net "reset_", 0 0, v0x55fdc6e49ca0_0;  1 drivers
v0x55fdc6e46540_0 .var "result_rdy", 0 0;
v0x55fdc6e46600_0 .net "result_taken", 0 0, v0x55fdc6e49140_0;  alias, 1 drivers
v0x55fdc6e466c0_0 .var "state", 1 0;
E_0x55fdc6e100d0 .event edge, v0x55fdc6e466c0_0, v0x55fdc6e18f70_0, v0x55fdc6e25920_0;
E_0x55fdc6e10aa0/0 .event negedge, v0x55fdc6e46480_0;
E_0x55fdc6e10aa0/1 .event posedge, v0x55fdc6e0aa80_0;
E_0x55fdc6e10aa0 .event/or E_0x55fdc6e10aa0/0, E_0x55fdc6e10aa0/1;
E_0x55fdc6e12810 .event edge, v0x55fdc6e466c0_0, v0x55fdc6e462e0_0, v0x55fdc6e25920_0, v0x55fdc6e46600_0;
S_0x55fdc6e46920 .scope module, "D1" "GCDdatapath" 2 193, 2 75 0, S_0x55fdc6e17f20;
 .timescale -9 -11;
    .port_info 0 /INPUT 1 "clk";
    .port_info 1 /INPUT 16 "operand_A";
    .port_info 2 /INPUT 16 "operand_B";
    .port_info 3 /OUTPUT 16 "result_data";
    .port_info 4 /INPUT 1 "A_en";
    .port_info 5 /INPUT 1 "B_en";
    .port_info 6 /INPUT 3 "A_sel";
    .port_info 7 /INPUT 1 "B_sel";
    .port_info 8 /OUTPUT 1 "B_zero";
    .port_info 9 /OUTPUT 1 "A_lt_B";
P_0x55fdc6e46ad0 .param/l "A_sel_B" 0 2 77, C4<001>;
P_0x55fdc6e46b10 .param/l "A_sel_In" 0 2 76, C4<000>;
P_0x55fdc6e46b50 .param/l "A_sel_NegSub" 0 2 79, C4<011>;
P_0x55fdc6e46b90 .param/l "A_sel_Sub" 0 2 78, C4<010>;
P_0x55fdc6e46bd0 .param/l "A_sel_X" 0 2 80, C4<xxx>;
P_0x55fdc6e46c10 .param/l "B_sel_A" 0 2 82, C4<1>;
P_0x55fdc6e46c50 .param/l "B_sel_In" 0 2 81, C4<0>;
P_0x55fdc6e46c90 .param/l "B_sel_X" 0 2 83, C4<x>;
P_0x55fdc6e46cd0 .param/l "W" 0 2 84, +C4<00000000000000000000000000010000>;
L_0x55fdc6e5a400 .functor NOT 16, L_0x55fdc6e5a360, C4<0000000000000000>, C4<0000000000000000>, C4<0000000000000000>;
L_0x55fdc6e5a5b0 .functor BUFZ 16, v0x55fdc6e47260_0, C4<0000000000000000>, C4<0000000000000000>, C4<0000000000000000>;
v0x55fdc6e47260_0 .var "A", 15 0;
v0x55fdc6e47360_0 .net "A_en", 0 0, v0x55fdc6e193f0_0;  alias, 1 drivers
v0x55fdc6e47420_0 .net "A_lt_B", 0 0, L_0x55fdc6e5a270;  alias, 1 drivers
v0x55fdc6e474c0_0 .var "A_out", 15 0;
v0x55fdc6e47560_0 .net "A_sel", 2 0, v0x55fdc6e190f0_0;  alias, 1 drivers
v0x55fdc6e47650_0 .var "B", 15 0;
v0x55fdc6e476f0_0 .net "B_en", 0 0, v0x55fdc6e20110_0;  alias, 1 drivers
v0x55fdc6e47790_0 .var "B_out", 15 0;
v0x55fdc6e47850_0 .net "B_sel", 0 0, v0x55fdc6e23110_0;  alias, 1 drivers
v0x55fdc6e478f0_0 .net "B_zero", 0 0, L_0x55fdc6e5a130;  alias, 1 drivers
v0x55fdc6e47990_0 .net *"_ivl_0", 31 0, L_0x55fdc6e4a010;  1 drivers
v0x55fdc6e47a30_0 .net *"_ivl_12", 15 0, L_0x55fdc6e5a400;  1 drivers
L_0x7f45555560a8 .functor BUFT 1, C4<0000000000000001>, C4<0>, C4<0>, C4<0>;
v0x55fdc6e47b10_0 .net/2u *"_ivl_14", 15 0, L_0x7f45555560a8;  1 drivers
L_0x7f4555556018 .functor BUFT 1, C4<0000000000000000>, C4<0>, C4<0>, C4<0>;
v0x55fdc6e47bf0_0 .net *"_ivl_3", 15 0, L_0x7f4555556018;  1 drivers
L_0x7f4555556060 .functor BUFT 1, C4<00000000000000000000000000000000>, C4<0>, C4<0>, C4<0>;
v0x55fdc6e47cd0_0 .net/2u *"_ivl_4", 31 0, L_0x7f4555556060;  1 drivers
v0x55fdc6e47db0_0 .net "clk", 0 0, v0x55fdc6e49820_0;  alias, 1 drivers
v0x55fdc6e47e80_0 .net "negative_sub_out", 15 0, L_0x55fdc6e5a510;  1 drivers
v0x55fdc6e47f40_0 .net "operand_A", 15 0, v0x55fdc6e488c0_0;  alias, 1 drivers
v0x55fdc6e48020_0 .net "operand_B", 15 0, v0x55fdc6e489c0_0;  alias, 1 drivers
v0x55fdc6e48100_0 .net "result_data", 15 0, L_0x55fdc6e5a5b0;  alias, 1 drivers
v0x55fdc6e481e0_0 .net "sub_out", 15 0, L_0x55fdc6e5a360;  1 drivers
E_0x55fdc6dfa9b0 .event posedge, v0x55fdc6e0aa80_0;
E_0x55fdc6e0d670 .event edge, v0x55fdc6e23110_0, v0x55fdc6e48020_0, v0x55fdc6e47260_0;
E_0x55fdc6e0d6b0/0 .event edge, v0x55fdc6e190f0_0, v0x55fdc6e47f40_0, v0x55fdc6e47650_0, v0x55fdc6e481e0_0;
E_0x55fdc6e0d6b0/1 .event edge, v0x55fdc6e47e80_0;
E_0x55fdc6e0d6b0 .event/or E_0x55fdc6e0d6b0/0, E_0x55fdc6e0d6b0/1;
L_0x55fdc6e4a010 .concat [ 16 16 0 0], v0x55fdc6e47650_0, L_0x7f4555556018;
L_0x55fdc6e5a130 .cmp/eq 32, L_0x55fdc6e4a010, L_0x7f4555556060;
L_0x55fdc6e5a270 .cmp/gt 16, v0x55fdc6e47650_0, v0x55fdc6e47260_0;
L_0x55fdc6e5a360 .arith/sub 16, v0x55fdc6e47260_0, v0x55fdc6e47650_0;
L_0x55fdc6e5a510 .arith/sum 16, L_0x55fdc6e5a400, L_0x7f45555560a8;
S_0x55fdc6e48460 .scope module, "I1" "in_mdl" 2 194, 2 134 0, S_0x55fdc6e17f20;
 .timescale -9 -11;
    .port_info 0 /OUTPUT 16 "operand_A";
    .port_info 1 /OUTPUT 16 "operand_B";
    .port_info 2 /OUTPUT 1 "input_available";
    .port_info 3 /INPUT 1 "idle";
P_0x55fdc6e48620 .param/l "W" 0 2 135, +C4<00000000000000000000000000010000>;
v0x55fdc6e48720_0 .net "idle", 0 0, v0x55fdc6e46220_0;  alias, 1 drivers
v0x55fdc6e487f0_0 .var "input_available", 0 0;
v0x55fdc6e488c0_0 .var "operand_A", 15 0;
v0x55fdc6e489c0_0 .var "operand_B", 15 0;
S_0x55fdc6e48ae0 .scope module, "O1" "out_mdl" 2 195, 2 163 0, S_0x55fdc6e17f20;
 .timescale -9 -11;
    .port_info 0 /INPUT 16 "result_data";
    .port_info 1 /INPUT 1 "result_rdy";
    .port_info 2 /OUTPUT 1 "result_taken";
P_0x55fdc6e48cc0 .param/l "W" 0 2 164, +C4<00000000000000000000000000010000>;
v0x55fdc6e48e50_0 .var "result", 15 0;
v0x55fdc6e48f50_0 .net "result_data", 15 0, L_0x55fdc6e5a5b0;  alias, 1 drivers
v0x55fdc6e49040_0 .net "result_rdy", 0 0, v0x55fdc6e46540_0;  alias, 1 drivers
v0x55fdc6e49140_0 .var "result_taken", 0 0;
E_0x55fdc6e48dd0 .event edge, v0x55fdc6e46540_0;
    .scope S_0x55fdc6e18150;
T_0 ;
    %wait E_0x55fdc6e12810;
    %load/vec4 v0x55fdc6e466c0_0;
    %store/vec4 v0x55fdc6e463a0_0, 0, 2;
    %load/vec4 v0x55fdc6e466c0_0;
    %dup/vec4;
    %pushi/vec4 0, 0, 2;
    %cmp/u;
    %jmp/1 T_0.0, 6;
    %dup/vec4;
    %pushi/vec4 1, 0, 2;
    %cmp/u;
    %jmp/1 T_0.1, 6;
    %dup/vec4;
    %pushi/vec4 2, 0, 2;
    %cmp/u;
    %jmp/1 T_0.2, 6;
    %pushi/vec4 3, 3, 2;
    %store/vec4 v0x55fdc6e463a0_0, 0, 2;
    %jmp T_0.4;
T_0.0 ;
    %load/vec4 v0x55fdc6e462e0_0;
    %flag_set/vec4 8;
    %jmp/0xz  T_0.5, 8;
    %pushi/vec4 1, 0, 2;
    %store/vec4 v0x55fdc6e463a0_0, 0, 2;
T_0.5 ;
    %jmp T_0.4;
T_0.1 ;
    %load/vec4 v0x55fdc6e25920_0;
    %flag_set/vec4 8;
    %jmp/0xz  T_0.7, 8;
    %pushi/vec4 2, 0, 2;
    %store/vec4 v0x55fdc6e463a0_0, 0, 2;
T_0.7 ;
    %jmp T_0.4;
T_0.2 ;
    %load/vec4 v0x55fdc6e46600_0;
    %flag_set/vec4 8;
    %jmp/0xz  T_0.9, 8;
    %pushi/vec4 0, 0, 2;
    %store/vec4 v0x55fdc6e463a0_0, 0, 2;
T_0.9 ;
    %jmp T_0.4;
T_0.4 ;
    %pop/vec4 1;
    %jmp T_0;
    .thread T_0, $push;
    .scope S_0x55fdc6e18150;
T_1 ;
    %wait E_0x55fdc6e10aa0;
    %load/vec4 v0x55fdc6e46480_0;
    %nor/r;
    %flag_set/vec4 8;
    %jmp/0xz  T_1.0, 8;
    %pushi/vec4 0, 0, 2;
    %store/vec4 v0x55fdc6e466c0_0, 0, 2;
    %jmp T_1.1;
T_1.0 ;
    %load/vec4 v0x55fdc6e463a0_0;
    %store/vec4 v0x55fdc6e466c0_0, 0, 2;
T_1.1 ;
    %jmp T_1;
    .thread T_1;
    .scope S_0x55fdc6e18150;
T_2 ;
    %wait E_0x55fdc6e100d0;
    %pushi/vec4 7, 7, 3;
    %store/vec4 v0x55fdc6e190f0_0, 0, 3;
    %pushi/vec4 0, 0, 1;
    %store/vec4 v0x55fdc6e193f0_0, 0, 1;
    %pushi/vec4 1, 1, 1;
    %store/vec4 v0x55fdc6e23110_0, 0, 1;
    %pushi/vec4 0, 0, 1;
    %store/vec4 v0x55fdc6e20110_0, 0, 1;
    %pushi/vec4 1, 0, 1;
    %store/vec4 v0x55fdc6e46220_0, 0, 1;
    %pushi/vec4 0, 0, 1;
    %store/vec4 v0x55fdc6e46540_0, 0, 1;
    %load/vec4 v0x55fdc6e466c0_0;
    %dup/vec4;
    %pushi/vec4 0, 0, 2;
    %cmp/u;
    %jmp/1 T_2.0, 6;
    %dup/vec4;
    %pushi/vec4 1, 0, 2;
    %cmp/u;
    %jmp/1 T_2.1, 6;
    %dup/vec4;
    %pushi/vec4 2, 0, 2;
    %cmp/u;
    %jmp/1 T_2.2, 6;
    %jmp T_2.3;
T_2.0 ;
    %pushi/vec4 0, 0, 3;
    %store/vec4 v0x55fdc6e190f0_0, 0, 3;
    %pushi/vec4 1, 0, 1;
    %store/vec4 v0x55fdc6e193f0_0, 0, 1;
    %pushi/vec4 0, 0, 1;
    %store/vec4 v0x55fdc6e23110_0, 0, 1;
    %pushi/vec4 1, 0, 1;
    %store/vec4 v0x55fdc6e20110_0, 0, 1;
    %pushi/vec4 1, 0, 1;
    %store/vec4 v0x55fdc6e46220_0, 0, 1;
    %jmp T_2.3;
T_2.1 ;
    %load/vec4 v0x55fdc6e18f70_0;
    %flag_set/vec4 8;
    %jmp/0xz  T_2.4, 8;
    %pushi/vec4 3, 0, 3;
    %store/vec4 v0x55fdc6e190f0_0, 0, 3;
    %pushi/vec4 1, 0, 1;
    %store/vec4 v0x55fdc6e193f0_0, 0, 1;
    %pushi/vec4 1, 0, 1;
    %store/vec4 v0x55fdc6e23110_0, 0, 1;
    %pushi/vec4 1, 0, 1;
    %store/vec4 v0x55fdc6e20110_0, 0, 1;
    %pushi/vec4 0, 0, 1;
    %store/vec4 v0x55fdc6e46220_0, 0, 1;
    %jmp T_2.5;
T_2.4 ;
    %load/vec4 v0x55fdc6e25920_0;
    %nor/r;
    %flag_set/vec4 8;
    %jmp/0xz  T_2.6, 8;
    %pushi/vec4 2, 0, 3;
    %store/vec4 v0x55fdc6e190f0_0, 0, 3;
    %pushi/vec4 1, 0, 1;
    %store/vec4 v0x55fdc6e193f0_0, 0, 1;
    %pushi/vec4 0, 0, 1;
    %store/vec4 v0x55fdc6e46220_0, 0, 1;
T_2.6 ;
T_2.5 ;
    %jmp T_2.3;
T_2.2 ;
    %pushi/vec4 1, 0, 1;
    %store/vec4 v0x55fdc6e46540_0, 0, 1;
    %jmp T_2.3;
T_2.3 ;
    %pop/vec4 1;
    %jmp T_2;
    .thread T_2, $push;
    .scope S_0x55fdc6e46920;
T_3 ;
    %wait E_0x55fdc6e0d6b0;
    %load/vec4 v0x55fdc6e47560_0;
    %dup/vec4;
    %pushi/vec4 0, 0, 3;
    %cmp/u;
    %jmp/1 T_3.0, 6;
    %dup/vec4;
    %pushi/vec4 1, 0, 3;
    %cmp/u;
    %jmp/1 T_3.1, 6;
    %dup/vec4;
    %pushi/vec4 2, 0, 3;
    %cmp/u;
    %jmp/1 T_3.2, 6;
    %dup/vec4;
    %pushi/vec4 3, 0, 3;
    %cmp/u;
    %jmp/1 T_3.3, 6;
    %pushi/vec4 65535, 65535, 16;
    %store/vec4 v0x55fdc6e474c0_0, 0, 16;
    %jmp T_3.5;
T_3.0 ;
    %load/vec4 v0x55fdc6e47f40_0;
    %store/vec4 v0x55fdc6e474c0_0, 0, 16;
    %jmp T_3.5;
T_3.1 ;
    %load/vec4 v0x55fdc6e47650_0;
    %store/vec4 v0x55fdc6e474c0_0, 0, 16;
    %jmp T_3.5;
T_3.2 ;
    %load/vec4 v0x55fdc6e481e0_0;
    %store/vec4 v0x55fdc6e474c0_0, 0, 16;
    %jmp T_3.5;
T_3.3 ;
    %load/vec4 v0x55fdc6e47e80_0;
    %store/vec4 v0x55fdc6e474c0_0, 0, 16;
    %jmp T_3.5;
T_3.5 ;
    %pop/vec4 1;
    %jmp T_3;
    .thread T_3, $push;
    .scope S_0x55fdc6e46920;
T_4 ;
    %wait E_0x55fdc6dfa9b0;
    %load/vec4 v0x55fdc6e47360_0;
    %flag_set/vec4 8;
    %jmp/0xz  T_4.0, 8;
    %load/vec4 v0x55fdc6e474c0_0;
    %store/vec4 v0x55fdc6e47260_0, 0, 16;
T_4.0 ;
    %jmp T_4;
    .thread T_4;
    .scope S_0x55fdc6e46920;
T_5 ;
    %wait E_0x55fdc6e0d670;
    %load/vec4 v0x55fdc6e47850_0;
    %dup/vec4;
    %pushi/vec4 0, 0, 1;
    %cmp/u;
    %jmp/1 T_5.0, 6;
    %dup/vec4;
    %pushi/vec4 1, 0, 1;
    %cmp/u;
    %jmp/1 T_5.1, 6;
    %pushi/vec4 65535, 65535, 16;
    %store/vec4 v0x55fdc6e47790_0, 0, 16;
    %jmp T_5.3;
T_5.0 ;
    %load/vec4 v0x55fdc6e48020_0;
    %store/vec4 v0x55fdc6e47790_0, 0, 16;
    %jmp T_5.3;
T_5.1 ;
    %load/vec4 v0x55fdc6e47260_0;
    %store/vec4 v0x55fdc6e47790_0, 0, 16;
    %jmp T_5.3;
T_5.3 ;
    %pop/vec4 1;
    %jmp T_5;
    .thread T_5, $push;
    .scope S_0x55fdc6e46920;
T_6 ;
    %wait E_0x55fdc6dfa9b0;
    %load/vec4 v0x55fdc6e476f0_0;
    %flag_set/vec4 8;
    %jmp/0xz  T_6.0, 8;
    %load/vec4 v0x55fdc6e47790_0;
    %store/vec4 v0x55fdc6e47650_0, 0, 16;
T_6.0 ;
    %jmp T_6;
    .thread T_6;
    .scope S_0x55fdc6e48460;
T_7 ;
    %pushi/vec4 36, 0, 16;
    %store/vec4 v0x55fdc6e488c0_0, 0, 16;
    %pushi/vec4 15, 0, 16;
    %store/vec4 v0x55fdc6e489c0_0, 0, 16;
    %pushi/vec4 1, 0, 1;
    %store/vec4 v0x55fdc6e487f0_0, 0, 1;
    %delay 4000, 0;
    %pushi/vec4 0, 0, 1;
    %store/vec4 v0x55fdc6e487f0_0, 0, 1;
    %end;
    .thread T_7;
    .scope S_0x55fdc6e48460;
T_8 ;
    %delay 4000, 0;
    %load/vec4 v0x55fdc6e48720_0;
    %flag_set/vec4 8;
    %jmp/0xz  T_8.0, 8;
    %load/vec4 v0x55fdc6e488c0_0;
    %muli 5, 0, 16;
    %store/vec4 v0x55fdc6e488c0_0, 0, 16;
    %load/vec4 v0x55fdc6e489c0_0;
    %muli 2, 0, 16;
    %store/vec4 v0x55fdc6e489c0_0, 0, 16;
    %pushi/vec4 1, 0, 1;
    %store/vec4 v0x55fdc6e487f0_0, 0, 1;
    %jmp T_8.1;
T_8.0 ;
    %pushi/vec4 0, 0, 1;
    %store/vec4 v0x55fdc6e487f0_0, 0, 1;
T_8.1 ;
    %jmp T_8;
    .thread T_8;
    .scope S_0x55fdc6e48ae0;
T_9 ;
    %pushi/vec4 0, 0, 1;
    %store/vec4 v0x55fdc6e49140_0, 0, 1;
    %end;
    .thread T_9;
    .scope S_0x55fdc6e48ae0;
T_10 ;
    %wait E_0x55fdc6e48dd0;
    %load/vec4 v0x55fdc6e49040_0;
    %flag_set/vec4 8;
    %jmp/0xz  T_10.0, 8;
    %load/vec4 v0x55fdc6e48f50_0;
    %store/vec4 v0x55fdc6e48e50_0, 0, 16;
    %pushi/vec4 1, 0, 1;
    %store/vec4 v0x55fdc6e49140_0, 0, 1;
    %jmp T_10.1;
T_10.0 ;
    %pushi/vec4 0, 0, 1;
    %store/vec4 v0x55fdc6e49140_0, 0, 1;
T_10.1 ;
    %jmp T_10;
    .thread T_10, $push;
    .scope S_0x55fdc6e17f20;
T_11 ;
    %pushi/vec4 0, 0, 1;
    %store/vec4 v0x55fdc6e49820_0, 0, 1;
    %pushi/vec4 80, 0, 32;
T_11.0 %dup/vec4;
    %pushi/vec4 0, 0, 32;
    %cmp/s;
    %jmp/1xz T_11.1, 5;
    %jmp/1 T_11.1, 4;
    %pushi/vec4 1, 0, 32;
    %sub;
    %delay 1000, 0;
    %load/vec4 v0x55fdc6e49820_0;
    %inv;
    %store/vec4 v0x55fdc6e49820_0, 0, 1;
    %jmp T_11.0;
T_11.1 ;
    %pop/vec4 1;
    %vpi_call 2 202 "$finish" {0 0 0};
    %end;
    .thread T_11;
    .scope S_0x55fdc6e17f20;
T_12 ;
    %pushi/vec4 0, 0, 1;
    %store/vec4 v0x55fdc6e49ca0_0, 0, 1;
    %delay 1500, 0;
    %pushi/vec4 1, 0, 1;
    %store/vec4 v0x55fdc6e49ca0_0, 0, 1;
    %end;
    .thread T_12;
    .scope S_0x55fdc6e17f20;
T_13 ;
    %vpi_call 2 214 "$dumpfile", "GCD1.vcd" {0 0 0};
    %vpi_call 2 215 "$dumpvars" {0 0 0};
    %end;
    .thread T_13;
# The file index is used to find the file name in the following table.
:file_names 3;
    "N/A";
    "<interactive>";
    "Clock.v";
