#! /usr/bin/vvp
:ivl_version "11.0 (stable)";
:ivl_delay_selection "TYPICAL";
:vpi_time_precision - 11;
:vpi_module "/usr/lib/x86_64-linux-gnu/ivl/system.vpi";
:vpi_module "/usr/lib/x86_64-linux-gnu/ivl/vhdl_sys.vpi";
:vpi_module "/usr/lib/x86_64-linux-gnu/ivl/vhdl_textio.vpi";
:vpi_module "/usr/lib/x86_64-linux-gnu/ivl/v2005_math.vpi";
:vpi_module "/usr/lib/x86_64-linux-gnu/ivl/va_math.vpi";
S_0x55980b5b5df0 .scope module, "test_SeqRcng" "test_SeqRcng" 2 61;
 .timescale -9 -11;
v0x55980b5d0010_0 .var "clk", 0 0;
v0x55980b5d00d0_0 .net "out", 0 0, v0x55980b5cfc10_0;  1 drivers
v0x55980b5d01a0_0 .var "reset_", 0 0;
v0x55980b5d02a0_0 .var "x", 0 0;
S_0x55980b5b5f80 .scope module, "SR1" "SeqRcgn" 2 66, 2 2 0, S_0x55980b5b5df0;
 .timescale -9 -11;
    .port_info 0 /OUTPUT 1 "out";
    .port_info 1 /INPUT 1 "x";
    .port_info 2 /INPUT 1 "clk";
    .port_info 3 /INPUT 1 "reset_";
P_0x55980b578cf0 .param/l "A" 0 2 10, C4<000>;
P_0x55980b578d30 .param/l "B" 0 2 10, C4<001>;
P_0x55980b578d70 .param/l "C" 0 2 10, C4<011>;
P_0x55980b578db0 .param/l "D" 0 2 10, C4<010>;
P_0x55980b578df0 .param/l "E" 0 2 10, C4<110>;
v0x55980b5790a0_0 .net "clk", 0 0, v0x55980b5d0010_0;  1 drivers
v0x55980b5cfb30_0 .var "next_state", 2 0;
v0x55980b5cfc10_0 .var "out", 0 0;
v0x55980b5cfce0_0 .net "reset_", 0 0, v0x55980b5d01a0_0;  1 drivers
v0x55980b5cfda0_0 .var "state", 2 0;
v0x55980b5cfed0_0 .net "x", 0 0, v0x55980b5d02a0_0;  1 drivers
E_0x55980b5b1ac0 .event edge, v0x55980b5cfda0_0;
E_0x55980b5b1e00 .event edge, v0x55980b5cfed0_0, v0x55980b5cfda0_0;
E_0x55980b579770/0 .event negedge, v0x55980b5cfce0_0;
E_0x55980b579770/1 .event posedge, v0x55980b5790a0_0;
E_0x55980b579770 .event/or E_0x55980b579770/0, E_0x55980b579770/1;
    .scope S_0x55980b5b5f80;
T_0 ;
    %wait E_0x55980b579770;
    %load/vec4 v0x55980b5cfce0_0;
    %nor/r;
    %flag_set/vec4 8;
    %jmp/0xz  T_0.0, 8;
    %pushi/vec4 0, 0, 3;
    %store/vec4 v0x55980b5cfda0_0, 0, 3;
    %jmp T_0.1;
T_0.0 ;
    %load/vec4 v0x55980b5cfb30_0;
    %store/vec4 v0x55980b5cfda0_0, 0, 3;
T_0.1 ;
    %jmp T_0;
    .thread T_0;
    .scope S_0x55980b5b5f80;
T_1 ;
    %wait E_0x55980b5b1e00;
    %load/vec4 v0x55980b5cfda0_0;
    %dup/vec4;
    %pushi/vec4 0, 0, 3;
    %cmp/u;
    %jmp/1 T_1.0, 6;
    %dup/vec4;
    %pushi/vec4 1, 0, 3;
    %cmp/u;
    %jmp/1 T_1.1, 6;
    %dup/vec4;
    %pushi/vec4 3, 0, 3;
    %cmp/u;
    %jmp/1 T_1.2, 6;
    %dup/vec4;
    %pushi/vec4 2, 0, 3;
    %cmp/u;
    %jmp/1 T_1.3, 6;
    %dup/vec4;
    %pushi/vec4 6, 0, 3;
    %cmp/u;
    %jmp/1 T_1.4, 6;
    %pushi/vec4 7, 7, 3;
    %store/vec4 v0x55980b5cfb30_0, 0, 3;
    %jmp T_1.6;
T_1.0 ;
    %load/vec4 v0x55980b5cfed0_0;
    %flag_set/vec4 8;
    %jmp/0xz  T_1.7, 8;
    %pushi/vec4 0, 0, 3;
    %store/vec4 v0x55980b5cfb30_0, 0, 3;
    %jmp T_1.8;
T_1.7 ;
    %pushi/vec4 1, 0, 3;
    %store/vec4 v0x55980b5cfb30_0, 0, 3;
T_1.8 ;
    %jmp T_1.6;
T_1.1 ;
    %load/vec4 v0x55980b5cfed0_0;
    %flag_set/vec4 8;
    %jmp/0xz  T_1.9, 8;
    %pushi/vec4 3, 0, 3;
    %store/vec4 v0x55980b5cfb30_0, 0, 3;
    %jmp T_1.10;
T_1.9 ;
    %pushi/vec4 1, 0, 3;
    %store/vec4 v0x55980b5cfb30_0, 0, 3;
T_1.10 ;
    %jmp T_1.6;
T_1.2 ;
    %load/vec4 v0x55980b5cfed0_0;
    %flag_set/vec4 8;
    %jmp/0xz  T_1.11, 8;
    %pushi/vec4 2, 0, 3;
    %store/vec4 v0x55980b5cfb30_0, 0, 3;
    %jmp T_1.12;
T_1.11 ;
    %pushi/vec4 1, 0, 3;
    %store/vec4 v0x55980b5cfb30_0, 0, 3;
T_1.12 ;
    %jmp T_1.6;
T_1.3 ;
    %load/vec4 v0x55980b5cfed0_0;
    %flag_set/vec4 8;
    %jmp/0xz  T_1.13, 8;
    %pushi/vec4 0, 0, 3;
    %store/vec4 v0x55980b5cfb30_0, 0, 3;
    %jmp T_1.14;
T_1.13 ;
    %pushi/vec4 6, 0, 3;
    %store/vec4 v0x55980b5cfb30_0, 0, 3;
T_1.14 ;
    %jmp T_1.6;
T_1.4 ;
    %load/vec4 v0x55980b5cfed0_0;
    %flag_set/vec4 8;
    %jmp/0xz  T_1.15, 8;
    %pushi/vec4 3, 0, 3;
    %store/vec4 v0x55980b5cfb30_0, 0, 3;
    %jmp T_1.16;
T_1.15 ;
    %pushi/vec4 1, 0, 3;
    %store/vec4 v0x55980b5cfb30_0, 0, 3;
T_1.16 ;
    %jmp T_1.6;
T_1.6 ;
    %pop/vec4 1;
    %jmp T_1;
    .thread T_1, $push;
    .scope S_0x55980b5b5f80;
T_2 ;
    %wait E_0x55980b5b1ac0;
    %load/vec4 v0x55980b5cfda0_0;
    %dup/vec4;
    %pushi/vec4 0, 0, 3;
    %cmp/u;
    %jmp/1 T_2.0, 6;
    %dup/vec4;
    %pushi/vec4 1, 0, 3;
    %cmp/u;
    %jmp/1 T_2.1, 6;
    %dup/vec4;
    %pushi/vec4 3, 0, 3;
    %cmp/u;
    %jmp/1 T_2.2, 6;
    %dup/vec4;
    %pushi/vec4 2, 0, 3;
    %cmp/u;
    %jmp/1 T_2.3, 6;
    %dup/vec4;
    %pushi/vec4 6, 0, 3;
    %cmp/u;
    %jmp/1 T_2.4, 6;
    %pushi/vec4 1, 1, 1;
    %store/vec4 v0x55980b5cfc10_0, 0, 1;
    %jmp T_2.6;
T_2.0 ;
    %pushi/vec4 0, 0, 1;
    %store/vec4 v0x55980b5cfc10_0, 0, 1;
    %jmp T_2.6;
T_2.1 ;
    %pushi/vec4 0, 0, 1;
    %store/vec4 v0x55980b5cfc10_0, 0, 1;
    %jmp T_2.6;
T_2.2 ;
    %pushi/vec4 0, 0, 1;
    %store/vec4 v0x55980b5cfc10_0, 0, 1;
    %jmp T_2.6;
T_2.3 ;
    %pushi/vec4 0, 0, 1;
    %store/vec4 v0x55980b5cfc10_0, 0, 1;
    %jmp T_2.6;
T_2.4 ;
    %pushi/vec4 1, 0, 1;
    %store/vec4 v0x55980b5cfc10_0, 0, 1;
    %jmp T_2.6;
T_2.6 ;
    %pop/vec4 1;
    %jmp T_2;
    .thread T_2, $push;
    .scope S_0x55980b5b5df0;
T_3 ;
    %pushi/vec4 0, 0, 1;
    %store/vec4 v0x55980b5d0010_0, 0, 1;
    %pushi/vec4 30, 0, 32;
T_3.0 %dup/vec4;
    %pushi/vec4 0, 0, 32;
    %cmp/s;
    %jmp/1xz T_3.1, 5;
    %jmp/1 T_3.1, 4;
    %pushi/vec4 1, 0, 32;
    %sub;
    %delay 1000, 0;
    %load/vec4 v0x55980b5d0010_0;
    %inv;
    %store/vec4 v0x55980b5d0010_0, 0, 1;
    %jmp T_3.0;
T_3.1 ;
    %pop/vec4 1;
    %end;
    .thread T_3;
    .scope S_0x55980b5b5df0;
T_4 ;
    %pushi/vec4 0, 0, 1;
    %store/vec4 v0x55980b5d02a0_0, 0, 1;
    %pushi/vec4 0, 0, 1;
    %store/vec4 v0x55980b5d01a0_0, 0, 1;
    %delay 1500, 0;
    %pushi/vec4 1, 0, 1;
    %store/vec4 v0x55980b5d01a0_0, 0, 1;
    %pushi/vec4 1, 0, 1;
    %store/vec4 v0x55980b5d02a0_0, 0, 1;
    %delay 2000, 0;
    %pushi/vec4 0, 0, 1;
    %store/vec4 v0x55980b5d02a0_0, 0, 1;
    %delay 2000, 0;
    %pushi/vec4 1, 0, 1;
    %store/vec4 v0x55980b5d02a0_0, 0, 1;
    %delay 2000, 0;
    %pushi/vec4 0, 0, 1;
    %store/vec4 v0x55980b5d02a0_0, 0, 1;
    %delay 2000, 0;
    %pushi/vec4 1, 0, 1;
    %store/vec4 v0x55980b5d02a0_0, 0, 1;
    %delay 2000, 0;
    %pushi/vec4 1, 0, 1;
    %store/vec4 v0x55980b5d02a0_0, 0, 1;
    %delay 2000, 0;
    %pushi/vec4 1, 0, 1;
    %store/vec4 v0x55980b5d02a0_0, 0, 1;
    %delay 2000, 0;
    %pushi/vec4 0, 0, 1;
    %store/vec4 v0x55980b5d02a0_0, 0, 1;
    %delay 2000, 0;
    %pushi/vec4 1, 0, 1;
    %store/vec4 v0x55980b5d02a0_0, 0, 1;
    %delay 2000, 0;
    %pushi/vec4 1, 0, 1;
    %store/vec4 v0x55980b5d02a0_0, 0, 1;
    %delay 2000, 0;
    %pushi/vec4 0, 0, 1;
    %store/vec4 v0x55980b5d02a0_0, 0, 1;
    %delay 2000, 0;
    %pushi/vec4 1, 0, 1;
    %store/vec4 v0x55980b5d02a0_0, 0, 1;
    %delay 2000, 0;
    %pushi/vec4 1, 0, 1;
    %store/vec4 v0x55980b5d02a0_0, 0, 1;
    %delay 2000, 0;
    %pushi/vec4 1, 0, 1;
    %store/vec4 v0x55980b5d02a0_0, 0, 1;
    %delay 2000, 0;
    %pushi/vec4 0, 0, 1;
    %store/vec4 v0x55980b5d02a0_0, 0, 1;
    %delay 2000, 0;
    %pushi/vec4 1, 0, 1;
    %store/vec4 v0x55980b5d02a0_0, 0, 1;
    %end;
    .thread T_4;
    .scope S_0x55980b5b5df0;
T_5 ;
    %vpi_call 2 101 "$display", "                time out  x   clk  reset_" {0 0 0};
    %vpi_call 2 102 "$monitor", $time, "  %b   %b   %b   %b", v0x55980b5d00d0_0, v0x55980b5d02a0_0, v0x55980b5d0010_0, v0x55980b5d01a0_0 {0 0 0};
    %end;
    .thread T_5;
    .scope S_0x55980b5b5df0;
T_6 ;
    %vpi_call 2 107 "$dumpfile", "SeqRcgn.vcd" {0 0 0};
    %vpi_call 2 108 "$dumpvars" {0 0 0};
    %end;
    .thread T_6;
# The file index is used to find the file name in the following table.
:file_names 3;
    "N/A";
    "<interactive>";
    "SeqRcgn.v";
